[01m[K/home/exin0000/vnav_ws/src/two_drones_pkg/src/frames_publisher_node.cpp:[m[K In member function â€˜[01m[Kvoid FramesPublisherNode::onPublish(const ros::TimerEvent&)[m[Kâ€™:
[01m[K/home/exin0000/vnav_ws/src/two_drones_pkg/src/frames_publisher_node.cpp:32:50:[m[K [01;31m[Kerror: [m[Kno matching function for call to â€˜[01m[Kros::Time::fromSec(ros::Time&)[m[Kâ€™
     double time = ros::Time::fromSec(startup_time[01;31m[K)[m[K;
                                                  [01;31m[K^[m[K
In file included from [01m[K/opt/ros/melodic/include/ros/ros.h:38:0[m[K,
                 from [01m[K/home/exin0000/vnav_ws/src/two_drones_pkg/src/frames_publisher_node.cpp:1[m[K:
[01m[K/opt/ros/melodic/include/ros/time.h:154:8:[m[K [01;36m[Knote: [m[Kcandidate: T& ros::TimeBase<T, D>::fromSec(double) [with T = ros::Time; D = ros::Duration]
     T& [01;36m[KfromSec[m[K(double t);
        [01;36m[K^~~~~~~[m[K
[01m[K/opt/ros/melodic/include/ros/time.h:154:8:[m[K [01;36m[Knote: [m[K  no known conversion for argument 1 from â€˜[01m[Kros::Time[m[Kâ€™ to â€˜[01m[Kdouble[m[Kâ€™
make[2]: *** [CMakeFiles/frames_publisher_node.dir/src/frames_publisher_node.cpp.o] Error 1
make[1]: *** [CMakeFiles/frames_publisher_node.dir/all] Error 2
make: *** [all] Error 2
