[01m[K/home/exin0000/vnav_ws/src/two_drones_pkg/src/frames_publisher_node.cpp:[m[K In member function â€˜[01m[Kvoid FramesPublisherNode::onPublish(const ros::TimerEvent&)[m[Kâ€™:
[01m[K/home/exin0000/vnav_ws/src/two_drones_pkg/src/frames_publisher_node.cpp:32:34:[m[K [01;31m[Kerror: [m[Kno match for â€˜[01m[Koperator-[m[Kâ€™ (operand types are â€˜[01m[Kros::Time()[m[Kâ€™ and â€˜[01m[Kros::Time[m[Kâ€™)
     double time = [01;31m[Kros::Time::now - startup_time[m[K;
                   [01;31m[K~~~~~~~~~~~~~~~^~~~~~~~~~~~~~[m[K
make[2]: *** [CMakeFiles/frames_publisher_node.dir/src/frames_publisher_node.cpp.o] Error 1
make[1]: *** [CMakeFiles/frames_publisher_node.dir/all] Error 2
make: *** [all] Error 2
