[01m[K/home/exin0000/vnav_ws/src/two_drones_pkg/src/frames_publisher_node.cpp:[m[K In member function â€˜[01m[Kvoid FramesPublisherNode::onPublish(const ros::TimerEvent&)[m[Kâ€™:
[01m[K/home/exin0000/vnav_ws/src/two_drones_pkg/src/frames_publisher_node.cpp:32:24:[m[K [01;31m[Kerror: [m[Kâ€˜[01m[Ktemplate<class T, class D> class ros::TimeBase[m[Kâ€™ used without template parameters
     double time = ros::[01;31m[KTimeBase[m[K::fromSec(startup_time);
                        [01;31m[K^~~~~~~~[m[K
make[2]: *** [CMakeFiles/frames_publisher_node.dir/src/frames_publisher_node.cpp.o] Error 1
make[1]: *** [CMakeFiles/frames_publisher_node.dir/all] Error 2
make: *** [all] Error 2
