[01m[K/home/exin0000/vnav_ws/src/two_drones_pkg/src/plots_publisher_node.cpp:[m[K In member function â€˜[01m[Kvoid PlotsPublisherNode::TrajTrail::update()[m[Kâ€™:
[01m[K/home/exin0000/vnav_ws/src/two_drones_pkg/src/plots_publisher_node.cpp:32:10:[m[K [01;31m[Kerror: [m[Kâ€˜[01m[Kwait[m[Kâ€™ was not declared in this scope
          [01;31m[Kwait[m[K(1);
          [01;31m[K^~~~[m[K
[01m[K/home/exin0000/vnav_ws/src/two_drones_pkg/src/plots_publisher_node.cpp:32:10:[m[K [01;36m[Knote: [m[Ksuggested alternative: â€˜[01m[Kwrite[m[Kâ€™
          [01;36m[Kwait[m[K(1);
          [01;36m[K^~~~[m[K
          [32m[Kwrite[m[K
make[2]: *** [CMakeFiles/plots_publisher_node.dir/src/plots_publisher_node.cpp.o] Error 1
make[1]: *** [CMakeFiles/plots_publisher_node.dir/all] Error 2
make: *** [all] Error 2
