[01m[K/home/exin0000/vnav_ws/src/two_drones_pkg/src/frames_publisher_node.cpp:[m[K In member function â€˜[01m[Kvoid FramesPublisherNode::onPublish(const ros::TimerEvent&)[m[Kâ€™:
[01m[K/home/exin0000/vnav_ws/src/two_drones_pkg/src/frames_publisher_node.cpp:32:27:[m[K [01;31m[Kerror: [m[Kâ€˜[01m[Kstart_time[m[Kâ€™ was not declared in this scope
     double time = fromSec([01;31m[Kstart_time[m[K);
                           [01;31m[K^~~~~~~~~~[m[K
[01m[K/home/exin0000/vnav_ws/src/two_drones_pkg/src/frames_publisher_node.cpp:32:27:[m[K [01;36m[Knote: [m[Ksuggested alternative: â€˜[01m[Kstartup_time[m[Kâ€™
     double time = fromSec([01;36m[Kstart_time[m[K);
                           [01;36m[K^~~~~~~~~~[m[K
                           [32m[Kstartup_time[m[K
[01m[K/home/exin0000/vnav_ws/src/two_drones_pkg/src/frames_publisher_node.cpp:32:19:[m[K [01;31m[Kerror: [m[Kâ€˜[01m[KfromSec[m[Kâ€™ was not declared in this scope
     double time = [01;31m[KfromSec[m[K(start_time);
                   [01;31m[K^~~~~~~[m[K
[01m[K/home/exin0000/vnav_ws/src/two_drones_pkg/src/frames_publisher_node.cpp:32:19:[m[K [01;36m[Knote: [m[Ksuggested alternative: â€˜[01m[Kfromfpl[m[Kâ€™
     double time = [01;36m[KfromSec[m[K(start_time);
                   [01;36m[K^~~~~~~[m[K
                   [32m[Kfromfpl[m[K
make[2]: *** [CMakeFiles/frames_publisher_node.dir/src/frames_publisher_node.cpp.o] Error 1
make[1]: *** [CMakeFiles/frames_publisher_node.dir/all] Error 2
make: *** [all] Error 2
