[01m[K/home/exin0000/vnav_ws/src/two_drones_pkg/src/frames_publisher_node.cpp:[m[K In member function â€˜[01m[Kvoid FramesPublisherNode::onPublish(const ros::TimerEvent&)[m[Kâ€™:
[01m[K/home/exin0000/vnav_ws/src/two_drones_pkg/src/frames_publisher_node.cpp:72:14:[m[K [01;31m[Kerror: [m[Kâ€˜[01m[Kclass tf::Transform[m[Kâ€™ has no member named â€˜[01m[KsendTransform[m[Kâ€™; did you mean â€˜[01m[KTransform[m[Kâ€™?
     AV1World.[01;31m[KsendTransform[m[K(tf::StampedTransform(transform1, ros::Time::now(), "world", "av1"))
              [01;31m[K^~~~~~~~~~~~~[m[K
              [32m[KTransform[m[K
make[2]: *** [CMakeFiles/frames_publisher_node.dir/src/frames_publisher_node.cpp.o] Error 1
make[1]: *** [CMakeFiles/frames_publisher_node.dir/all] Error 2
make: *** [all] Error 2
